<?xml version="1.0" encoding="UTF-8"?>
<!-- Generated by org.testng.reporters.JUnitReportReporter -->
<testsuite name="src.Sample1" tests="8" time="0.039" ignored="0" failures="0" timestamp="30 Jan 2017 01:09:44 GMT" skipped="0" hostname="LAPTOP-9O0KKAA3" errors="0">
  <testcase name="test3" time="0.005" classname="src.Sample1"/>
  <testcase name="test8" time="0.002" classname="src.Sample1"/>
  <testcase name="test2" time="0.002" classname="src.Sample1"/>
  <testcase name="test4" time="0.002" classname="src.Sample1"/>
  <testcase name="test6" time="0.004" classname="src.Sample1"/>
  <testcase name="test7" time="0.007" classname="src.Sample1"/>
  <testcase name="test5" time="0.007" classname="src.Sample1"/>
  <testcase name="test10" time="0.010" classname="src.Sample1"/>
</testsuite> <!-- src.Sample1 -->
