<?xml version="1.0" encoding="UTF-8"?>
<!-- Generated by org.testng.reporters.JUnitReportReporter -->
<testsuite name="sample.Testcase4" tests="1" time="10.238" ignored="0" failures="0" timestamp="08 Mar 2017 06:12:18 GMT" skipped="0" hostname="LAPTOP-9O0KKAA3" errors="0">
  <testcase name="Invalid" time="10.238" classname="sample.Testcase4"/>
</testsuite> <!-- sample.Testcase4 -->
