<?xml version="1.0" encoding="UTF-8"?>
<!-- Generated by org.testng.reporters.JUnitReportReporter -->
<testsuite name="sample.Testcase2" tests="1" time="7.361" ignored="0" failures="0" timestamp="08 Mar 2017 06:12:18 GMT" skipped="0" hostname="LAPTOP-9O0KKAA3" errors="0">
  <testcase name="invalid2" time="7.361" classname="sample.Testcase2"/>
</testsuite> <!-- sample.Testcase2 -->
