<?xml version="1.0" encoding="UTF-8"?>
<!-- Generated by org.testng.reporters.JUnitReportReporter -->
<testsuite name="practice1.Sibling" tests="1" time="16.118" ignored="0" failures="0" timestamp="31 Mar 2017 02:04:09 GMT" skipped="0" hostname="LAPTOP-9O0KKAA3" errors="0">
  <testcase name="testSiblingAndParentInXpath" time="16.118" classname="practice1.Sibling"/>
</testsuite> <!-- practice1.Sibling -->
