<?xml version="1.0" encoding="UTF-8"?>
<!-- Generated by org.testng.reporters.JUnitReportReporter -->
<testsuite name="sample.Testcase3" tests="1" time="11.922" ignored="0" failures="0" timestamp="08 Mar 2017 06:12:18 GMT" skipped="0" hostname="LAPTOP-9O0KKAA3" errors="0">
  <testcase name="valid" time="11.922" classname="sample.Testcase3"/>
</testsuite> <!-- sample.Testcase3 -->
