<?xml version="1.0" encoding="UTF-8"?>
<!-- Generated by org.testng.reporters.JUnitReportReporter -->
<testsuite name="jenkinsdemo.Jenkinsdemo1" tests="1" time="0.012" ignored="0" failures="0" timestamp="23 Mar 2017 19:30:19 GMT" skipped="0" hostname="LAPTOP-9O0KKAA3" errors="0">
  <testcase name="demo" time="0.012" classname="jenkinsdemo.Jenkinsdemo1"/>
</testsuite> <!-- jenkinsdemo.Jenkinsdemo1 -->
